<?xml version="1.0" encoding="UTF-8"?>
<!-- Generated by org.testng.reporters.JUnitXMLReporter -->
<testsuite ignored="0" hostname="jemsnroy" failures="0" tests="4" name="ChainingTest" time="3.474" errors="0" timestamp="02 Mar. 2023 17:57:22 GMT">
  <testcase classname="Session8.POSTRequest" name="createUser" time="1.895"/>
  <testcase classname="Session8.GETRequest" name="getUser" time="0.481"/>
  <testcase classname="Session8.PUTRequest" name="updateUser" time="0.555"/>
  <testcase classname="Session8.DELETERequest" name="deleteUser" time="0.526"/>
</testsuite> <!-- ChainingTest -->
