<?xml version="1.0" encoding="UTF-8"?>
<!-- Generated by org.testng.reporters.JUnitXMLReporter -->
<testsuite ignored="0" hostname="jemsnroy" failures="0" tests="4" name="Test" time="4.084" errors="0" timestamp="02 Mar. 2023 18:55:04 GMT">
  <testcase classname="Session8.POSTRequest" name="createUser" time="2.439"/>
  <testcase classname="Session8.GETRequest" name="getUser" time="0.508"/>
  <testcase classname="Session8.PUTRequest" name="updateUser" time="0.494"/>
  <testcase classname="Session8.DELETERequest" name="deleteUser" time="0.626"/>
</testsuite> <!-- Test -->
