<?xml version="1.0" encoding="UTF-8"?>
<testng-results ignored="0" total="4" passed="4" failed="0" skipped="0">
  <reporter-output>
  </reporter-output>
  <suite started-at="2023-03-02T20:10:04Z" name="Suite" finished-at="2023-03-02T20:10:08Z" duration-ms="4675">
    <groups>
    </groups>
    <test started-at="2023-03-02T20:10:04Z" name="Test1" finished-at="2023-03-02T20:10:06Z" duration-ms="2375">
      <class name="Session8.POSTRequest">
        <test-method signature="createUser(org.testng.ITestContext)[pri:0, instance:Session8.POSTRequest@d737b89]" started-at="2023-03-02T20:10:04Z" name="createUser" finished-at="2023-03-02T20:10:06Z" duration-ms="2362" status="PASS">
          <params>
            <param index="0">
              <value>
                <![CDATA[org.testng.TestRunner@5dafbe45]]>
              </value>
            </param>
          </params>
          <reporter-output>
          </reporter-output>
        </test-method> <!-- createUser -->
      </class> <!-- Session8.POSTRequest -->
    </test> <!-- Test1 -->
    <test started-at="2023-03-02T20:10:06Z" name="Test2" finished-at="2023-03-02T20:10:07Z" duration-ms="856">
      <class name="Session8.GETRequest">
        <test-method signature="getUser(org.testng.ITestContext)[pri:0, instance:Session8.GETRequest@231f98ef]" started-at="2023-03-02T20:10:06Z" name="getUser" finished-at="2023-03-02T20:10:07Z" duration-ms="854" status="PASS">
          <params>
            <param index="0">
              <value>
                <![CDATA[org.testng.TestRunner@2e0fdc83]]>
              </value>
            </param>
          </params>
          <reporter-output>
          </reporter-output>
        </test-method> <!-- getUser -->
      </class> <!-- Session8.GETRequest -->
    </test> <!-- Test2 -->
    <test started-at="2023-03-02T20:10:07Z" name="Test3" finished-at="2023-03-02T20:10:07Z" duration-ms="481">
      <class name="Session8.PUTRequest">
        <test-method signature="updateUser(org.testng.ITestContext)[pri:0, instance:Session8.PUTRequest@4d1c005e]" started-at="2023-03-02T20:10:07Z" name="updateUser" finished-at="2023-03-02T20:10:07Z" duration-ms="479" status="PASS">
          <params>
            <param index="0">
              <value>
                <![CDATA[org.testng.TestRunner@5ad40184]]>
              </value>
            </param>
          </params>
          <reporter-output>
          </reporter-output>
        </test-method> <!-- updateUser -->
      </class> <!-- Session8.PUTRequest -->
    </test> <!-- Test3 -->
    <test started-at="2023-03-02T20:10:07Z" name="Test4" finished-at="2023-03-02T20:10:08Z" duration-ms="928">
      <class name="Session8.DELETERequest">
        <test-method signature="deleteUser(org.testng.ITestContext)[pri:0, instance:Session8.DELETERequest@6be968ce]" started-at="2023-03-02T20:10:07Z" name="deleteUser" finished-at="2023-03-02T20:10:08Z" duration-ms="927" status="PASS">
          <params>
            <param index="0">
              <value>
                <![CDATA[org.testng.TestRunner@e638553]]>
              </value>
            </param>
          </params>
          <reporter-output>
          </reporter-output>
        </test-method> <!-- deleteUser -->
      </class> <!-- Session8.DELETERequest -->
    </test> <!-- Test4 -->
  </suite> <!-- Suite -->
</testng-results>
